app/build/intermediates/manifest_merge_blame_file/debug/manifest-merger-blame-debug-report.txt
1<?xml version="1.0" encoding="utf-8"?>
2<manifest xmlns:android="http://schemas.android.com/apk/res/android"
3    package="com.google.mlkit.vision.demo"
4    android:installLocation="auto"
5    android:versionCode="11"
6    android:versionName="1.11" >
7    <!--
8 CameraX libraries require minSdkVersion 21, while this quickstart app
9    supports low to 19. Needs to use overrideLibrary to make the merger tool
10    ignore this conflict and import the libraries while keeping the app's lower
11    minSdkVersion value. In code, will check SDK version, before calling CameraX
12    APIs.
13    -->
14    <uses-sdk
14-->src\main\AndroidManifest.xml:12:5-16:60
15        android:minSdkVersion="21"
15-->src\main\AndroidManifest.xml:12:5-16:60
16        android:targetSdkVersion="34" />
16-->src\main\AndroidManifest.xml:12:5-16:60
17
18    <uses-feature android:name="android.hardware.camera" />
18-->src\main\AndroidManifest.xml:18:5-59
18-->src\main\AndroidManifest.xml:18:19-57
19
20    <uses-permission android:name="android.permission.INTERNET" />
20-->src\main\AndroidManifest.xml:20:5-66
20-->src\main\AndroidManifest.xml:20:22-64
21    <uses-permission android:name="android.permission.WRITE_EXTERNAL_STORAGE" />
21-->src\main\AndroidManifest.xml:21:5-80
21-->src\main\AndroidManifest.xml:21:22-78
22    <uses-permission android:name="android.permission.READ_EXTERNAL_STORAGE" />
22-->src\main\AndroidManifest.xml:22:5-79
22-->src\main\AndroidManifest.xml:22:22-77
23    <uses-permission android:name="android.permission.CAMERA" />
23-->src\main\AndroidManifest.xml:23:5-64
23-->src\main\AndroidManifest.xml:23:22-62
24
25    <queries>
25-->src\main\AndroidManifest.xml:114:5-118:15
26        <intent>
26-->src\main\AndroidManifest.xml:115:9-117:18
27            <action android:name="android.media.action.IMAGE_CAPTURE" />
27-->src\main\AndroidManifest.xml:116:13-73
27-->src\main\AndroidManifest.xml:116:21-70
28        </intent>
29    </queries>
30
31    <!-- For remote config -->
32    <uses-permission android:name="android.permission.ACCESS_NETWORK_STATE" />
32-->[com.google.mlkit:pose-detection-common:18.0.0-beta5] AndroidManifest.xml:7:5-79
32-->[com.google.mlkit:pose-detection-common:18.0.0-beta5] AndroidManifest.xml:7:22-76
33    <uses-permission android:name="android.permission.WAKE_LOCK" />
33-->[androidx.work:work-runtime:2.7.0] AndroidManifest.xml:25:5-68
33-->[androidx.work:work-runtime:2.7.0] AndroidManifest.xml:25:22-65
34    <uses-permission android:name="android.permission.RECEIVE_BOOT_COMPLETED" />
34-->[androidx.work:work-runtime:2.7.0] AndroidManifest.xml:27:5-81
34-->[androidx.work:work-runtime:2.7.0] AndroidManifest.xml:27:22-78
35    <uses-permission android:name="android.permission.FOREGROUND_SERVICE" />
35-->[androidx.work:work-runtime:2.7.0] AndroidManifest.xml:28:5-77
35-->[androidx.work:work-runtime:2.7.0] AndroidManifest.xml:28:22-74
36
37    <permission
37-->[androidx.core:core:1.9.0] AndroidManifest.xml:22:5-24:47
38        android:name="com.google.mlkit.vision.demo.DYNAMIC_RECEIVER_NOT_EXPORTED_PERMISSION"
38-->[androidx.core:core:1.9.0] AndroidManifest.xml:23:9-81
39        android:protectionLevel="signature" />
39-->[androidx.core:core:1.9.0] AndroidManifest.xml:24:9-44
40
41    <uses-permission android:name="com.google.mlkit.vision.demo.DYNAMIC_RECEIVER_NOT_EXPORTED_PERMISSION" />
41-->[androidx.core:core:1.9.0] AndroidManifest.xml:26:5-97
41-->[androidx.core:core:1.9.0] AndroidManifest.xml:26:22-94
42
43    <application
43-->src\main\AndroidManifest.xml:25:5-113:19
44        android:name="androidx.multidex.MultiDexApplication"
44-->src\main\AndroidManifest.xml:26:9-61
45        android:appComponentFactory="androidx.core.app.CoreComponentFactory"
45-->[androidx.core:core:1.9.0] AndroidManifest.xml:28:18-86
46        android:debuggable="true"
47        android:icon="@drawable/logo_mlkit"
47-->src\main\AndroidManifest.xml:27:9-44
48        android:label="@string/app_name"
48-->src\main\AndroidManifest.xml:28:9-41
49        android:theme="@style/Theme.AppCompat" >
49-->src\main\AndroidManifest.xml:29:9-47
50        <meta-data
50-->src\main\AndroidManifest.xml:31:9-33:68
51            android:name="com.google.android.gms.version"
51-->src\main\AndroidManifest.xml:32:13-58
52            android:value="@integer/google_play_services_version" />
52-->src\main\AndroidManifest.xml:33:13-66
53
54        <!--
55          Optional: Add it to automatically download ML model to device after
56          your app is installed.
57        -->
58        <meta-data
58-->src\main\AndroidManifest.xml:37:9-39:129
59            android:name="com.google.mlkit.vision.DEPENDENCIES"
59-->src\main\AndroidManifest.xml:38:13-64
60            android:value="barcode,face,ocr,ocr_chinese,ocr_devanagari,ocr_japanese,ocr_korean,ica,custom_ica,subject_segment" />
60-->src\main\AndroidManifest.xml:39:13-127
61
62        <activity
62-->src\main\AndroidManifest.xml:41:9-49:20
63            android:name="com.google.mlkit.vision.demo.EntryChoiceActivity"
63-->src\main\AndroidManifest.xml:42:13-48
64            android:exported="true"
64-->src\main\AndroidManifest.xml:43:13-36
65            android:theme="@style/AppTheme" >
65-->src\main\AndroidManifest.xml:44:13-44
66            <intent-filter>
66-->src\main\AndroidManifest.xml:45:13-48:29
67                <action android:name="android.intent.action.MAIN" />
67-->src\main\AndroidManifest.xml:46:17-68
67-->src\main\AndroidManifest.xml:46:25-66
68
69                <category android:name="android.intent.category.LAUNCHER" />
69-->src\main\AndroidManifest.xml:47:17-76
69-->src\main\AndroidManifest.xml:47:27-74
70            </intent-filter>
71        </activity>
72        <activity
72-->src\main\AndroidManifest.xml:51:9-54:20
73            android:name="com.google.mlkit.vision.demo.java.ChooserActivity"
73-->src\main\AndroidManifest.xml:52:13-49
74            android:exported="false" >
74-->src\main\AndroidManifest.xml:53:13-37
75        </activity>
76        <activity
76-->src\main\AndroidManifest.xml:56:9-60:20
77            android:name="com.google.mlkit.vision.demo.java.LivePreviewActivity"
77-->src\main\AndroidManifest.xml:57:13-53
78            android:exported="false"
78-->src\main\AndroidManifest.xml:58:13-37
79            android:theme="@style/AppTheme" >
79-->src\main\AndroidManifest.xml:59:13-44
80        </activity>
81        <activity
81-->src\main\AndroidManifest.xml:62:9-66:20
82            android:name="com.google.mlkit.vision.demo.java.CameraXLivePreviewActivity"
82-->src\main\AndroidManifest.xml:63:13-60
83            android:exported="false"
83-->src\main\AndroidManifest.xml:64:13-37
84            android:theme="@style/AppTheme" >
84-->src\main\AndroidManifest.xml:65:13-44
85        </activity>
86        <activity
86-->src\main\AndroidManifest.xml:68:9-72:20
87            android:name="com.google.mlkit.vision.demo.java.CameraXSourceDemoActivity"
87-->src\main\AndroidManifest.xml:69:13-59
88            android:exported="false"
88-->src\main\AndroidManifest.xml:70:13-37
89            android:theme="@style/AppTheme" >
89-->src\main\AndroidManifest.xml:71:13-44
90        </activity>
91        <activity
91-->src\main\AndroidManifest.xml:74:9-78:20
92            android:name="com.google.mlkit.vision.demo.java.StillImageActivity"
92-->src\main\AndroidManifest.xml:75:13-52
93            android:exported="false"
93-->src\main\AndroidManifest.xml:76:13-37
94            android:theme="@style/AppTheme" >
94-->src\main\AndroidManifest.xml:77:13-44
95        </activity>
96        <activity
96-->src\main\AndroidManifest.xml:80:9-83:20
97            android:name="com.google.mlkit.vision.demo.kotlin.ChooserActivity"
97-->src\main\AndroidManifest.xml:81:13-51
98            android:exported="false" >
98-->src\main\AndroidManifest.xml:82:13-37
99        </activity>
100        <activity
100-->src\main\AndroidManifest.xml:85:9-89:20
101            android:name="com.google.mlkit.vision.demo.kotlin.LivePreviewActivity"
101-->src\main\AndroidManifest.xml:86:13-55
102            android:exported="false"
102-->src\main\AndroidManifest.xml:87:13-37
103            android:theme="@style/AppTheme" >
103-->src\main\AndroidManifest.xml:88:13-44
104        </activity>
105        <activity
105-->src\main\AndroidManifest.xml:91:9-95:20
106            android:name="com.google.mlkit.vision.demo.kotlin.CameraXLivePreviewActivity"
106-->src\main\AndroidManifest.xml:92:13-62
107            android:exported="false"
107-->src\main\AndroidManifest.xml:93:13-37
108            android:theme="@style/AppTheme" >
108-->src\main\AndroidManifest.xml:94:13-44
109        </activity>
110        <activity
110-->src\main\AndroidManifest.xml:97:9-101:20
111            android:name="com.google.mlkit.vision.demo.kotlin.CameraXSourceDemoActivity"
111-->src\main\AndroidManifest.xml:98:13-61
112            android:exported="false"
112-->src\main\AndroidManifest.xml:99:13-37
113            android:theme="@style/AppTheme" >
113-->src\main\AndroidManifest.xml:100:13-44
114        </activity>
115        <activity
115-->src\main\AndroidManifest.xml:103:9-107:20
116            android:name="com.google.mlkit.vision.demo.kotlin.StillImageActivity"
116-->src\main\AndroidManifest.xml:104:13-54
117            android:exported="false"
117-->src\main\AndroidManifest.xml:105:13-37
118            android:theme="@style/AppTheme" >
118-->src\main\AndroidManifest.xml:106:13-44
119        </activity>
120        <activity
120-->src\main\AndroidManifest.xml:109:9-111:39
121            android:name="com.google.mlkit.vision.demo.preference.SettingsActivity"
121-->src\main\AndroidManifest.xml:110:13-56
122            android:exported="false" />
122-->src\main\AndroidManifest.xml:111:13-37
123
124        <!--
125             Required for ML Kit Pose Detection GPU acceleration. Applications that target Android
126             S+ require explicit declaration of any referenced vendor-provided libraries.
127        -->
128        <uses-native-library
128-->[com.google.mlkit:pose-detection-common:18.0.0-beta5] AndroidManifest.xml:16:9-18:40
129            android:name="libOpenCL.so"
129-->[com.google.mlkit:pose-detection-common:18.0.0-beta5] AndroidManifest.xml:17:13-40
130            android:required="false" />
130-->[com.google.mlkit:pose-detection-common:18.0.0-beta5] AndroidManifest.xml:18:13-37
131        <uses-native-library
131-->[com.google.mlkit:pose-detection-common:18.0.0-beta5] AndroidManifest.xml:16:9-18:40
132            android:name="libOpenCL-car.so"
132-->[com.google.mlkit:pose-detection-common:18.0.0-beta5] AndroidManifest.xml:17:13-40
133            android:required="false" />
133-->[com.google.mlkit:pose-detection-common:18.0.0-beta5] AndroidManifest.xml:18:13-37
134        <uses-native-library
134-->[com.google.mlkit:pose-detection-common:18.0.0-beta5] AndroidManifest.xml:16:9-18:40
135            android:name="libOpenCL-pixel.so"
135-->[com.google.mlkit:pose-detection-common:18.0.0-beta5] AndroidManifest.xml:17:13-40
136            android:required="false" />
136-->[com.google.mlkit:pose-detection-common:18.0.0-beta5] AndroidManifest.xml:18:13-37
137
138        <service
138-->[com.google.mlkit:pose-detection-common:18.0.0-beta5] AndroidManifest.xml:26:9-32:19
139            android:name="com.google.mlkit.common.internal.MlKitComponentDiscoveryService"
139-->[com.google.mlkit:pose-detection-common:18.0.0-beta5] AndroidManifest.xml:27:13-91
140            android:directBootAware="true"
140-->[com.google.mlkit:common:18.11.0] AndroidManifest.xml:17:13-43
141            android:exported="false" >
141-->[com.google.mlkit:pose-detection-common:18.0.0-beta5] AndroidManifest.xml:28:13-37
142            <meta-data
142-->[com.google.mlkit:pose-detection-common:18.0.0-beta5] AndroidManifest.xml:29:13-31:85
143                android:name="com.google.firebase.components:com.google.mlkit.vision.pose.internal.PoseRegistrar"
143-->[com.google.mlkit:pose-detection-common:18.0.0-beta5] AndroidManifest.xml:30:17-114
144                android:value="com.google.firebase.components.ComponentRegistrar" />
144-->[com.google.mlkit:pose-detection-common:18.0.0-beta5] AndroidManifest.xml:31:17-82
145            <meta-data
145-->[com.google.mlkit:object-detection:17.0.2] AndroidManifest.xml:14:13-16:85
146                android:name="com.google.firebase.components:com.google.mlkit.vision.objects.defaults.internal.DefaultObjectsRegistrar"
146-->[com.google.mlkit:object-detection:17.0.2] AndroidManifest.xml:15:17-136
147                android:value="com.google.firebase.components.ComponentRegistrar" />
147-->[com.google.mlkit:object-detection:17.0.2] AndroidManifest.xml:16:17-82
148            <meta-data
148-->[com.google.mlkit:object-detection-custom:17.0.2] AndroidManifest.xml:11:13-13:85
149                android:name="com.google.firebase.components:com.google.mlkit.vision.objects.custom.internal.CustomObjectsRegistrar"
149-->[com.google.mlkit:object-detection-custom:17.0.2] AndroidManifest.xml:12:17-133
150                android:value="com.google.firebase.components.ComponentRegistrar" />
150-->[com.google.mlkit:object-detection-custom:17.0.2] AndroidManifest.xml:13:17-82
151            <meta-data
151-->[com.google.mlkit:image-labeling:17.0.9] AndroidManifest.xml:11:13-13:85
152                android:name="com.google.firebase.components:com.google.mlkit.vision.label.defaults.internal.BundledLabelRegistrar"
152-->[com.google.mlkit:image-labeling:17.0.9] AndroidManifest.xml:12:17-132
153                android:value="com.google.firebase.components.ComponentRegistrar" />
153-->[com.google.mlkit:image-labeling:17.0.9] AndroidManifest.xml:13:17-82
154            <meta-data
154-->[com.google.mlkit:image-labeling-custom:17.0.3] AndroidManifest.xml:11:13-13:85
155                android:name="com.google.firebase.components:com.google.mlkit.vision.label.custom.internal.CustomLabelRegistrar"
155-->[com.google.mlkit:image-labeling-custom:17.0.3] AndroidManifest.xml:12:17-129
156                android:value="com.google.firebase.components.ComponentRegistrar" />
156-->[com.google.mlkit:image-labeling-custom:17.0.3] AndroidManifest.xml:13:17-82
157            <meta-data
157-->[com.google.mlkit:segmentation-selfie:16.0.0-beta6] AndroidManifest.xml:12:13-14:85
158                android:name="com.google.firebase.components:com.google.mlkit.vision.segmentation.internal.SegmentationRegistrar"
158-->[com.google.mlkit:segmentation-selfie:16.0.0-beta6] AndroidManifest.xml:13:17-130
159                android:value="com.google.firebase.components.ComponentRegistrar" />
159-->[com.google.mlkit:segmentation-selfie:16.0.0-beta6] AndroidManifest.xml:14:17-82
160            <meta-data
160-->[com.google.mlkit:face-mesh-detection:16.0.0-beta3] AndroidManifest.xml:11:13-13:85
161                android:name="com.google.firebase.components:com.google.mlkit.vision.facemesh.internal.FaceMeshRegistrar"
161-->[com.google.mlkit:face-mesh-detection:16.0.0-beta3] AndroidManifest.xml:12:17-122
162                android:value="com.google.firebase.components.ComponentRegistrar" />
162-->[com.google.mlkit:face-mesh-detection:16.0.0-beta3] AndroidManifest.xml:13:17-82
163            <meta-data
163-->[com.google.android.gms:play-services-mlkit-subject-segmentation:16.0.0-beta1] AndroidManifest.xml:11:13-13:85
164                android:name="com.google.firebase.components:com.google.mlkit.vision.segmentation.subject.internal.SubjectSegmentationRegistrar"
164-->[com.google.android.gms:play-services-mlkit-subject-segmentation:16.0.0-beta1] AndroidManifest.xml:12:17-145
165                android:value="com.google.firebase.components.ComponentRegistrar" />
165-->[com.google.android.gms:play-services-mlkit-subject-segmentation:16.0.0-beta1] AndroidManifest.xml:13:17-82
166            <meta-data
166-->[com.google.android.gms:play-services-mlkit-barcode-scanning:18.3.1] AndroidManifest.xml:12:13-14:85
167                android:name="com.google.firebase.components:com.google.mlkit.vision.barcode.internal.BarcodeRegistrar"
167-->[com.google.android.gms:play-services-mlkit-barcode-scanning:18.3.1] AndroidManifest.xml:13:17-120
168                android:value="com.google.firebase.components.ComponentRegistrar" />
168-->[com.google.android.gms:play-services-mlkit-barcode-scanning:18.3.1] AndroidManifest.xml:14:17-82
169            <meta-data
169-->[com.google.mlkit:vision-internal-vkp:18.2.3] AndroidManifest.xml:14:13-16:85
170                android:name="com.google.firebase.components:com.google.mlkit.vision.vkp.VkpRegistrar"
170-->[com.google.mlkit:vision-internal-vkp:18.2.3] AndroidManifest.xml:15:17-103
171                android:value="com.google.firebase.components.ComponentRegistrar" />
171-->[com.google.mlkit:vision-internal-vkp:18.2.3] AndroidManifest.xml:16:17-82
172            <meta-data
172-->[com.google.android.gms:play-services-mlkit-face-detection:17.1.0] AndroidManifest.xml:12:13-14:85
173                android:name="com.google.firebase.components:com.google.mlkit.vision.face.internal.FaceRegistrar"
173-->[com.google.android.gms:play-services-mlkit-face-detection:17.1.0] AndroidManifest.xml:13:17-114
174                android:value="com.google.firebase.components.ComponentRegistrar" />
174-->[com.google.android.gms:play-services-mlkit-face-detection:17.1.0] AndroidManifest.xml:14:17-82
175            <meta-data
175-->[com.google.android.gms:play-services-mlkit-text-recognition-common:19.1.0] AndroidManifest.xml:12:13-14:85
176                android:name="com.google.firebase.components:com.google.mlkit.vision.text.internal.TextRegistrar"
176-->[com.google.android.gms:play-services-mlkit-text-recognition-common:19.1.0] AndroidManifest.xml:13:17-114
177                android:value="com.google.firebase.components.ComponentRegistrar" />
177-->[com.google.android.gms:play-services-mlkit-text-recognition-common:19.1.0] AndroidManifest.xml:14:17-82
178            <meta-data
178-->[com.google.mlkit:vision-common:17.3.0] AndroidManifest.xml:12:13-14:85
179                android:name="com.google.firebase.components:com.google.mlkit.vision.common.internal.VisionCommonRegistrar"
179-->[com.google.mlkit:vision-common:17.3.0] AndroidManifest.xml:13:17-124
180                android:value="com.google.firebase.components.ComponentRegistrar" />
180-->[com.google.mlkit:vision-common:17.3.0] AndroidManifest.xml:14:17-82
181            <meta-data
181-->[com.google.mlkit:common:18.11.0] AndroidManifest.xml:20:13-22:85
182                android:name="com.google.firebase.components:com.google.mlkit.common.internal.CommonComponentRegistrar"
182-->[com.google.mlkit:common:18.11.0] AndroidManifest.xml:21:17-120
183                android:value="com.google.firebase.components.ComponentRegistrar" />
183-->[com.google.mlkit:common:18.11.0] AndroidManifest.xml:22:17-82
184        </service>
185        <service
185-->[com.google.mlkit:acceleration:16.0.0-beta2] AndroidManifest.xml:8:9-11:68
186            android:name="com.google.mlkit.acceleration.internal.MlKitRemoteWorkerService"
186-->[com.google.mlkit:acceleration:16.0.0-beta2] AndroidManifest.xml:9:13-91
187            android:exported="false"
187-->[com.google.mlkit:acceleration:16.0.0-beta2] AndroidManifest.xml:10:13-37
188            android:process=":mlkit_acceleration_mini_benchmark" />
188-->[com.google.mlkit:acceleration:16.0.0-beta2] AndroidManifest.xml:11:13-65
189        <service
189-->[androidx.work:work-multiprocess:2.7.0] AndroidManifest.xml:25:9-27:40
190            android:name="androidx.work.multiprocess.RemoteWorkManagerService"
190-->[androidx.work:work-multiprocess:2.7.0] AndroidManifest.xml:26:13-79
191            android:exported="false" />
191-->[androidx.work:work-multiprocess:2.7.0] AndroidManifest.xml:27:13-37
192
193        <provider
193-->[com.google.mlkit:common:18.11.0] AndroidManifest.xml:9:9-13:38
194            android:name="com.google.mlkit.common.internal.MlKitInitProvider"
194-->[com.google.mlkit:common:18.11.0] AndroidManifest.xml:10:13-78
195            android:authorities="com.google.mlkit.vision.demo.mlkitinitprovider"
195-->[com.google.mlkit:common:18.11.0] AndroidManifest.xml:11:13-69
196            android:exported="false"
196-->[com.google.mlkit:common:18.11.0] AndroidManifest.xml:12:13-37
197            android:initOrder="99" />
197-->[com.google.mlkit:common:18.11.0] AndroidManifest.xml:13:13-35
198
199        <activity
199-->[com.google.android.gms:play-services-base:18.5.0] AndroidManifest.xml:5:9-173
200            android:name="com.google.android.gms.common.api.GoogleApiActivity"
200-->[com.google.android.gms:play-services-base:18.5.0] AndroidManifest.xml:5:19-85
201            android:exported="false"
201-->[com.google.android.gms:play-services-base:18.5.0] AndroidManifest.xml:5:146-170
202            android:theme="@android:style/Theme.Translucent.NoTitleBar" />
202-->[com.google.android.gms:play-services-base:18.5.0] AndroidManifest.xml:5:86-145
203
204        <provider
204-->[androidx.work:work-runtime:2.7.0] AndroidManifest.xml:31:9-39:20
205            android:name="androidx.startup.InitializationProvider"
205-->[androidx.work:work-runtime:2.7.0] AndroidManifest.xml:32:13-67
206            android:authorities="com.google.mlkit.vision.demo.androidx-startup"
206-->[androidx.work:work-runtime:2.7.0] AndroidManifest.xml:33:13-68
207            android:exported="false" >
207-->[androidx.work:work-runtime:2.7.0] AndroidManifest.xml:34:13-37
208            <meta-data
208-->[androidx.work:work-runtime:2.7.0] AndroidManifest.xml:36:13-38:52
209                android:name="androidx.work.WorkManagerInitializer"
209-->[androidx.work:work-runtime:2.7.0] AndroidManifest.xml:37:17-68
210                android:value="androidx.startup" />
210-->[androidx.work:work-runtime:2.7.0] AndroidManifest.xml:38:17-49
211            <meta-data
211-->[androidx.emoji2:emoji2:1.2.0] AndroidManifest.xml:29:13-31:52
212                android:name="androidx.emoji2.text.EmojiCompatInitializer"
212-->[androidx.emoji2:emoji2:1.2.0] AndroidManifest.xml:30:17-75
213                android:value="androidx.startup" />
213-->[androidx.emoji2:emoji2:1.2.0] AndroidManifest.xml:31:17-49
214            <meta-data
214-->[androidx.lifecycle:lifecycle-process:2.4.1] AndroidManifest.xml:31:13-33:52
215                android:name="androidx.lifecycle.ProcessLifecycleInitializer"
215-->[androidx.lifecycle:lifecycle-process:2.4.1] AndroidManifest.xml:32:17-78
216                android:value="androidx.startup" />
216-->[androidx.lifecycle:lifecycle-process:2.4.1] AndroidManifest.xml:33:17-49
217        </provider>
218
219        <service
219-->[androidx.work:work-runtime:2.7.0] AndroidManifest.xml:41:9-46:35
220            android:name="androidx.work.impl.background.systemalarm.SystemAlarmService"
220-->[androidx.work:work-runtime:2.7.0] AndroidManifest.xml:42:13-88
221            android:directBootAware="false"
221-->[androidx.work:work-runtime:2.7.0] AndroidManifest.xml:43:13-44
222            android:enabled="@bool/enable_system_alarm_service_default"
222-->[androidx.work:work-runtime:2.7.0] AndroidManifest.xml:44:13-72
223            android:exported="false" />
223-->[androidx.work:work-runtime:2.7.0] AndroidManifest.xml:45:13-37
224        <service
224-->[androidx.work:work-runtime:2.7.0] AndroidManifest.xml:47:9-53:35
225            android:name="androidx.work.impl.background.systemjob.SystemJobService"
225-->[androidx.work:work-runtime:2.7.0] AndroidManifest.xml:48:13-84
226            android:directBootAware="false"
226-->[androidx.work:work-runtime:2.7.0] AndroidManifest.xml:49:13-44
227            android:enabled="@bool/enable_system_job_service_default"
227-->[androidx.work:work-runtime:2.7.0] AndroidManifest.xml:50:13-70
228            android:exported="true"
228-->[androidx.work:work-runtime:2.7.0] AndroidManifest.xml:51:13-36
229            android:permission="android.permission.BIND_JOB_SERVICE" />
229-->[androidx.work:work-runtime:2.7.0] AndroidManifest.xml:52:13-69
230        <service
230-->[androidx.work:work-runtime:2.7.0] AndroidManifest.xml:54:9-59:35
231            android:name="androidx.work.impl.foreground.SystemForegroundService"
231-->[androidx.work:work-runtime:2.7.0] AndroidManifest.xml:55:13-81
232            android:directBootAware="false"
232-->[androidx.work:work-runtime:2.7.0] AndroidManifest.xml:56:13-44
233            android:enabled="@bool/enable_system_foreground_service_default"
233-->[androidx.work:work-runtime:2.7.0] AndroidManifest.xml:57:13-77
234            android:exported="false" />
234-->[androidx.work:work-runtime:2.7.0] AndroidManifest.xml:58:13-37
235
236        <receiver
236-->[androidx.work:work-runtime:2.7.0] AndroidManifest.xml:61:9-66:35
237            android:name="androidx.work.impl.utils.ForceStopRunnable$BroadcastReceiver"
237-->[androidx.work:work-runtime:2.7.0] AndroidManifest.xml:62:13-88
238            android:directBootAware="false"
238-->[androidx.work:work-runtime:2.7.0] AndroidManifest.xml:63:13-44
239            android:enabled="true"
239-->[androidx.work:work-runtime:2.7.0] AndroidManifest.xml:64:13-35
240            android:exported="false" />
240-->[androidx.work:work-runtime:2.7.0] AndroidManifest.xml:65:13-37
241        <receiver
241-->[androidx.work:work-runtime:2.7.0] AndroidManifest.xml:67:9-77:20
242            android:name="androidx.work.impl.background.systemalarm.ConstraintProxy$BatteryChargingProxy"
242-->[androidx.work:work-runtime:2.7.0] AndroidManifest.xml:68:13-106
243            android:directBootAware="false"
243-->[androidx.work:work-runtime:2.7.0] AndroidManifest.xml:69:13-44
244            android:enabled="false"
244-->[androidx.work:work-runtime:2.7.0] AndroidManifest.xml:70:13-36
245            android:exported="false" >
245-->[androidx.work:work-runtime:2.7.0] AndroidManifest.xml:71:13-37
246            <intent-filter>
246-->[androidx.work:work-runtime:2.7.0] AndroidManifest.xml:73:13-76:29
247                <action android:name="android.intent.action.ACTION_POWER_CONNECTED" />
247-->[androidx.work:work-runtime:2.7.0] AndroidManifest.xml:74:17-87
247-->[androidx.work:work-runtime:2.7.0] AndroidManifest.xml:74:25-84
248                <action android:name="android.intent.action.ACTION_POWER_DISCONNECTED" />
248-->[androidx.work:work-runtime:2.7.0] AndroidManifest.xml:75:17-90
248-->[androidx.work:work-runtime:2.7.0] AndroidManifest.xml:75:25-87
249            </intent-filter>
250        </receiver>
251        <receiver
251-->[androidx.work:work-runtime:2.7.0] AndroidManifest.xml:78:9-88:20
252            android:name="androidx.work.impl.background.systemalarm.ConstraintProxy$BatteryNotLowProxy"
252-->[androidx.work:work-runtime:2.7.0] AndroidManifest.xml:79:13-104
253            android:directBootAware="false"
253-->[androidx.work:work-runtime:2.7.0] AndroidManifest.xml:80:13-44
254            android:enabled="false"
254-->[androidx.work:work-runtime:2.7.0] AndroidManifest.xml:81:13-36
255            android:exported="false" >
255-->[androidx.work:work-runtime:2.7.0] AndroidManifest.xml:82:13-37
256            <intent-filter>
256-->[androidx.work:work-runtime:2.7.0] AndroidManifest.xml:84:13-87:29
257                <action android:name="android.intent.action.BATTERY_OKAY" />
257-->[androidx.work:work-runtime:2.7.0] AndroidManifest.xml:85:17-77
257-->[androidx.work:work-runtime:2.7.0] AndroidManifest.xml:85:25-74
258                <action android:name="android.intent.action.BATTERY_LOW" />
258-->[androidx.work:work-runtime:2.7.0] AndroidManifest.xml:86:17-76
258-->[androidx.work:work-runtime:2.7.0] AndroidManifest.xml:86:25-73
259            </intent-filter>
260        </receiver>
261        <receiver
261-->[androidx.work:work-runtime:2.7.0] AndroidManifest.xml:89:9-99:20
262            android:name="androidx.work.impl.background.systemalarm.ConstraintProxy$StorageNotLowProxy"
262-->[androidx.work:work-runtime:2.7.0] AndroidManifest.xml:90:13-104
263            android:directBootAware="false"
263-->[androidx.work:work-runtime:2.7.0] AndroidManifest.xml:91:13-44
264            android:enabled="false"
264-->[androidx.work:work-runtime:2.7.0] AndroidManifest.xml:92:13-36
265            android:exported="false" >
265-->[androidx.work:work-runtime:2.7.0] AndroidManifest.xml:93:13-37
266            <intent-filter>
266-->[androidx.work:work-runtime:2.7.0] AndroidManifest.xml:95:13-98:29
267                <action android:name="android.intent.action.DEVICE_STORAGE_LOW" />
267-->[androidx.work:work-runtime:2.7.0] AndroidManifest.xml:96:17-83
267-->[androidx.work:work-runtime:2.7.0] AndroidManifest.xml:96:25-80
268                <action android:name="android.intent.action.DEVICE_STORAGE_OK" />
268-->[androidx.work:work-runtime:2.7.0] AndroidManifest.xml:97:17-82
268-->[androidx.work:work-runtime:2.7.0] AndroidManifest.xml:97:25-79
269            </intent-filter>
270        </receiver>
271        <receiver
271-->[androidx.work:work-runtime:2.7.0] AndroidManifest.xml:100:9-109:20
272            android:name="androidx.work.impl.background.systemalarm.ConstraintProxy$NetworkStateProxy"
272-->[androidx.work:work-runtime:2.7.0] AndroidManifest.xml:101:13-103
273            android:directBootAware="false"
273-->[androidx.work:work-runtime:2.7.0] AndroidManifest.xml:102:13-44
274            android:enabled="false"
274-->[androidx.work:work-runtime:2.7.0] AndroidManifest.xml:103:13-36
275            android:exported="false" >
275-->[androidx.work:work-runtime:2.7.0] AndroidManifest.xml:104:13-37
276            <intent-filter>
276-->[androidx.work:work-runtime:2.7.0] AndroidManifest.xml:106:13-108:29
277                <action android:name="android.net.conn.CONNECTIVITY_CHANGE" />
277-->[androidx.work:work-runtime:2.7.0] AndroidManifest.xml:107:17-79
277-->[androidx.work:work-runtime:2.7.0] AndroidManifest.xml:107:25-76
278            </intent-filter>
279        </receiver>
280        <receiver
280-->[androidx.work:work-runtime:2.7.0] AndroidManifest.xml:110:9-121:20